0 info it worked if it ends with ok
1 verbose cli [ '/usr/local/bin/node',
1 verbose cli   '/usr/local/bin/npm',
1 verbose cli   'run',
1 verbose cli   'build.plugin' ]
2 info using npm@3.10.10
3 info using node@v6.10.3
4 verbose run-script [ 'prebuild.plugin', 'build.plugin', 'postbuild.plugin' ]
5 info lifecycle @~prebuild.plugin: @
6 silly lifecycle @~prebuild.plugin: no script for prebuild.plugin, continuing
7 info lifecycle @~build.plugin: @
8 verbose lifecycle @~build.plugin: unsafe-perm in lifecycle true
9 verbose lifecycle @~build.plugin: PATH: /usr/local/lib/node_modules/npm/bin/node-gyp-bin:/Users/allenmackey/Desktop/video-chat/node_modules/.bin:/Users/allenmackey/.rbenv/shims:/usr/bin:/bin:/usr/sbin:/sbin:/usr/local/bin:/Users/allenmackey/.rvm/bin:/Users/allenmackey/.rvm/bin
10 verbose lifecycle @~build.plugin: CWD: /Users/allenmackey/Desktop/video-chat
11 silly lifecycle @~build.plugin: Args: [ '-c',
11 silly lifecycle   'tsc nativescript-twilio-video/twilio-video.android.ts --types tns-platform-declarations/android --lib es2016 -d true' ]
12 silly lifecycle @~build.plugin: Returned: code: 2  signal: null
13 info lifecycle @~build.plugin: Failed to exec build.plugin script
14 verbose stack Error: @ build.plugin: `tsc nativescript-twilio-video/twilio-video.android.ts --types tns-platform-declarations/android --lib es2016 -d true`
14 verbose stack Exit status 2
14 verbose stack     at EventEmitter.<anonymous> (/usr/local/lib/node_modules/npm/lib/utils/lifecycle.js:255:16)
14 verbose stack     at emitTwo (events.js:106:13)
14 verbose stack     at EventEmitter.emit (events.js:191:7)
14 verbose stack     at ChildProcess.<anonymous> (/usr/local/lib/node_modules/npm/lib/utils/spawn.js:40:14)
14 verbose stack     at emitTwo (events.js:106:13)
14 verbose stack     at ChildProcess.emit (events.js:191:7)
14 verbose stack     at maybeClose (internal/child_process.js:886:16)
14 verbose stack     at Process.ChildProcess._handle.onexit (internal/child_process.js:226:5)
15 verbose pkgid @
16 verbose cwd /Users/allenmackey/Desktop/video-chat
17 error Darwin 16.5.0
18 error argv "/usr/local/bin/node" "/usr/local/bin/npm" "run" "build.plugin"
19 error node v6.10.3
20 error npm  v3.10.10
21 error code ELIFECYCLE
22 error @ build.plugin: `tsc nativescript-twilio-video/twilio-video.android.ts --types tns-platform-declarations/android --lib es2016 -d true`
22 error Exit status 2
23 error Failed at the @ build.plugin script 'tsc nativescript-twilio-video/twilio-video.android.ts --types tns-platform-declarations/android --lib es2016 -d true'.
23 error Make sure you have the latest version of node.js and npm installed.
23 error If you do, this is most likely a problem with the  package,
23 error not with npm itself.
23 error Tell the author that this fails on your system:
23 error     tsc nativescript-twilio-video/twilio-video.android.ts --types tns-platform-declarations/android --lib es2016 -d true
23 error You can get information on how to open an issue for this project with:
23 error     npm bugs
23 error Or if that isn't available, you can get their info via:
23 error     npm owner ls
23 error There is likely additional logging output above.
24 verbose exit [ 1, true ]
